2026-05-06 21:12:36,672 │ main │ INFO │ ╔════════════════════════════════════════════════════════╗
2026-05-06 21:12:36,673 │ main │ INFO │ ║      PIPELINE MEXORA RH — DATA LAKE IT MAROC         ║
2026-05-06 21:12:36,673 │ main │ INFO │ ╠════════════════════════════════════════════════════════╣
2026-05-06 21:12:36,673 │ main │ INFO │ ║  Date       : 2026-05-06 21:12:36                  ║
2026-05-06 21:12:36,686 │ main │ INFO │ ║  Étape      : all                                      ║
2026-05-06 21:12:36,687 │ main │ INFO │ ║  Data Lake  : data_lake_mexora_rh                      ║
2026-05-06 21:12:36,687 │ main │ INFO │ ╚════════════════════════════════════════════════════════╝
2026-05-06 21:12:36,687 │ main │ INFO │ 
▓▓▓▓▓▓▓▓▓▓▓▓▓▓▓▓▓▓▓▓▓▓▓▓▓▓▓▓▓▓▓▓▓▓▓▓▓▓▓▓▓▓▓▓▓▓▓▓▓▓▓▓▓▓▓▓▓▓▓▓
2026-05-06 21:12:36,688 │ main │ INFO │ ▓  ÉTAPE 1/3 — BRONZE : Ingestion brute
2026-05-06 21:12:36,688 │ main │ INFO │ ▓▓▓▓▓▓▓▓▓▓▓▓▓▓▓▓▓▓▓▓▓▓▓▓▓▓▓▓▓▓▓▓▓▓▓▓▓▓▓▓▓▓▓▓▓▓▓▓▓▓▓▓▓▓▓▓▓▓▓▓
2026-05-06 21:12:37,070 │ main │ INFO │ [BRONZE] Terminé en 0.4s
2026-05-06 21:12:37,070 │ main │ INFO │ 
▓▓▓▓▓▓▓▓▓▓▓▓▓▓▓▓▓▓▓▓▓▓▓▓▓▓▓▓▓▓▓▓▓▓▓▓▓▓▓▓▓▓▓▓▓▓▓▓▓▓▓▓▓▓▓▓▓▓▓▓
2026-05-06 21:12:37,070 │ main │ INFO │ ▓  ÉTAPE 2/3 — SILVER : Nettoyage & Extraction NLP
2026-05-06 21:12:37,071 │ main │ INFO │ ▓▓▓▓▓▓▓▓▓▓▓▓▓▓▓▓▓▓▓▓▓▓▓▓▓▓▓▓▓▓▓▓▓▓▓▓▓▓▓▓▓▓▓▓▓▓▓▓▓▓▓▓▓▓▓▓▓▓▓▓
2026-05-06 21:12:37,071 │ silver_transform │ INFO │ ============================================================
2026-05-06 21:12:37,071 │ silver_transform │ INFO │ DÉBUT PIPELINE SILVER
2026-05-06 21:12:37,071 │ silver_transform │ INFO │ ============================================================
2026-05-06 21:12:37,811 │ silver_transform │ INFO │ [SILVER] 5150 offres chargées depuis Bronze (63 fichiers)
2026-05-06 21:12:37,829 │ silver_transform │ WARNING │ [SILVER] 150 doublons supprimés
2026-05-06 21:12:37,844 │ silver_transform │ INFO │ [SILVER] Villes : 7 variantes → 5 normalisées
2026-05-06 21:12:37,936 │ silver_transform │ INFO │ [SILVER] Titres : 4434 classés, 566 'Autre IT' sur 5000
2026-05-06 21:12:38,698 │ silver_transform │ INFO │ [SILVER] Salaires : 57.6% des offres avec salaire valide (2881/5000)
2026-05-06 21:12:39,330 │ silver_transform │ INFO │ [SILVER] Expérience : 4156/5000 parsées
2026-05-06 21:12:39,337 │ silver_transform │ INFO │ [SILVER] Contrats : 5 variantes → 2 normalisés
2026-05-06 21:12:39,402 │ silver_transform │ INFO │ [SILVER] Dates : 0 inversées, 240 nulles
2026-05-06 21:12:39,402 │ silver_transform │ INFO │ ============================================================
2026-05-06 21:12:39,402 │ silver_transform │ INFO │ PIPELINE SILVER TERMINÉ — 5000 offres nettoyées
2026-05-06 21:12:39,403 │ silver_transform │ INFO │ ============================================================
2026-05-06 21:12:39,403 │ silver_nlp │ INFO │ ============================================================
2026-05-06 21:12:39,403 │ silver_nlp │ INFO │ DÉBUT EXTRACTION COMPÉTENCES (NLP)
2026-05-06 21:12:39,404 │ silver_nlp │ INFO │ ============================================================
2026-05-06 21:12:39,405 │ silver_nlp │ INFO │ [NLP] Référentiel chargé : 63 aliases → 21 compétences, 5 familles
2026-05-06 21:12:39,759 │ silver_nlp │ INFO │   ├─ 1000/5000 offres traitées...
2026-05-06 21:12:40,044 │ silver_nlp │ INFO │   ├─ 2000/5000 offres traitées...
2026-05-06 21:12:40,313 │ silver_nlp │ INFO │   ├─ 3000/5000 offres traitées...
2026-05-06 21:12:40,588 │ silver_nlp │ INFO │   ├─ 4000/5000 offres traitées...
2026-05-06 21:12:40,865 │ silver_nlp │ INFO │   ├─ 5000/5000 offres traitées...
2026-05-06 21:12:40,922 │ silver_nlp │ INFO │ ============================================================
2026-05-06 21:12:40,922 │ silver_nlp │ INFO │ [NLP] ✅ 22069 lignes compétences extraites
2026-05-06 21:12:40,922 │ silver_nlp │ INFO │ [NLP]    5000/5000 offres avec au moins 1 compétence
2026-05-06 21:12:40,922 │ silver_nlp │ INFO │ [NLP]    Moyenne : 4.4 compétences/offre
2026-05-06 21:12:40,923 │ silver_nlp │ INFO │ [NLP]    0 offres sans compétence détectée
2026-05-06 21:12:40,923 │ silver_nlp │ INFO │ ============================================================
2026-05-06 21:12:41,233 │ silver_nlp │ INFO │ [SILVER] offres_clean.parquet → 112 Ko (5000 lignes)
2026-05-06 21:12:41,272 │ silver_nlp │ INFO │ [SILVER] competences.parquet → 111 Ko (22069 lignes)
2026-05-06 21:12:41,273 │ silver_nlp │ INFO │ [SILVER] ✅ Zone Silver sauvegardée (224 Ko total)
2026-05-06 21:12:41,273 │ main │ INFO │ [SILVER] Terminé en 4.2s
2026-05-06 21:12:41,274 │ main │ INFO │ 
▓▓▓▓▓▓▓▓▓▓▓▓▓▓▓▓▓▓▓▓▓▓▓▓▓▓▓▓▓▓▓▓▓▓▓▓▓▓▓▓▓▓▓▓▓▓▓▓▓▓▓▓▓▓▓▓▓▓▓▓
2026-05-06 21:12:41,274 │ main │ INFO │ ▓  ÉTAPE 3/3 — GOLD : Agrégation analytique (DuckDB)
2026-05-06 21:12:41,274 │ main │ INFO │ ▓▓▓▓▓▓▓▓▓▓▓▓▓▓▓▓▓▓▓▓▓▓▓▓▓▓▓▓▓▓▓▓▓▓▓▓▓▓▓▓▓▓▓▓▓▓▓▓▓▓▓▓▓▓▓▓▓▓▓▓
2026-05-06 21:12:41,289 │ gold_aggregation │ INFO │ ============================================================
2026-05-06 21:12:41,289 │ gold_aggregation │ INFO │ DÉBUT CONSTRUCTION TABLES GOLD
2026-05-06 21:12:41,290 │ gold_aggregation │ INFO │ ============================================================
2026-05-06 21:12:41,290 │ gold_aggregation │ INFO │ [GOLD] 1/5 — Construction top_competences...
2026-05-06 21:12:41,338 │ gold_aggregation │ INFO │   └─ 84 lignes → top_competences.parquet
2026-05-06 21:12:41,339 │ gold_aggregation │ INFO │ [GOLD] 2/5 — Construction salaires_par_profil...
2026-05-06 21:12:41,365 │ gold_aggregation │ INFO │   └─ 70 lignes → salaires_par_profil.parquet
2026-05-06 21:12:41,366 │ gold_aggregation │ INFO │ [GOLD] 3/5 — Construction offres_par_ville...
2026-05-06 21:12:41,384 │ gold_aggregation │ INFO │   └─ 728 lignes → offres_par_ville.parquet
2026-05-06 21:12:41,386 │ gold_aggregation │ INFO │ [GOLD] 4/5 — Construction entreprises_recruteurs...
2026-05-06 21:12:41,420 │ gold_aggregation │ INFO │   └─ 25 lignes → entreprises_recruteurs.parquet
2026-05-06 21:12:41,420 │ gold_aggregation │ INFO │ [GOLD] 5/5 — Construction tendances_mensuelles...
2026-05-06 21:12:41,440 │ gold_aggregation │ INFO │   └─ 140 lignes → tendances_mensuelles.parquet
2026-05-06 21:12:41,447 │ gold_aggregation │ INFO │ ============================================================
2026-05-06 21:12:41,447 │ gold_aggregation │ INFO │ [GOLD] ✅ 5 tables Gold construites
2026-05-06 21:12:41,447 │ gold_aggregation │ INFO │ ============================================================
2026-05-06 21:12:41,448 │ main │ INFO │ [GOLD] Terminé en 0.2s
2026-05-06 21:12:41,449 │ main │ INFO │ 
════════════════════════════════════════════════════════════
2026-05-06 21:12:41,449 │ main │ INFO │ PIPELINE TERMINÉ en 4.8s
2026-05-06 21:12:41,449 │ main │ INFO │ ════════════════════════════════════════════════════════════
2026-05-06 21:12:41,451 │ main │ INFO │ Rapport sauvegardé : C:\Users\Lenovo\OneDrive\Bureau\9raya\s6\data engerening\projet2\rapport_pipeline.md
2026-05-06 21:12:41,451 │ main │ INFO │ 
📊 Résumé du Data Lake :
2026-05-06 21:12:41,473 │ main │ INFO │   ├─ BRONZE :  66 fichiers (3923 Ko)
2026-05-06 21:12:41,475 │ main │ INFO │   ├─ SILVER :   4 fichiers (225 Ko)
2026-05-06 21:12:41,476 │ main │ INFO │   ├─ GOLD   :   6 fichiers (36 Ko)
2026-05-06 21:12:41,476 │ main │ INFO │ 
✅ Tous les livrables sont dans : C:\Users\Lenovo\OneDrive\Bureau\9raya\s6\data engerening\projet2\data_lake_mexora_rh
